10-Jun-2024 15:34:01.490 INFO [main] org.apache.catalina.startup.VersionLoggerListener.log 서버 버전 이름:    Apache Tomcat/10.1.24
10-Jun-2024 15:34:01.494 INFO [main] org.apache.catalina.startup.VersionLoggerListener.log Server 빌드 시각:  May 9 2024 17:41:23 UTC
10-Jun-2024 15:34:01.495 INFO [main] org.apache.catalina.startup.VersionLoggerListener.log Server 버전 번호:  10.1.24.0
10-Jun-2024 15:34:01.495 INFO [main] org.apache.catalina.startup.VersionLoggerListener.log 운영체제 이름:     Windows 10
10-Jun-2024 15:34:01.495 INFO [main] org.apache.catalina.startup.VersionLoggerListener.log 운영체제 버전:     10.0
10-Jun-2024 15:34:01.496 INFO [main] org.apache.catalina.startup.VersionLoggerListener.log 아키텍처:          amd64
10-Jun-2024 15:34:01.496 INFO [main] org.apache.catalina.startup.VersionLoggerListener.log 자바 홈:           C:\Program Files\Java\jdk-17
10-Jun-2024 15:34:01.496 INFO [main] org.apache.catalina.startup.VersionLoggerListener.log JVM 버전:          17.0.10+11-LTS-240
10-Jun-2024 15:34:01.496 INFO [main] org.apache.catalina.startup.VersionLoggerListener.log JVM 벤더:          Oracle Corporation
10-Jun-2024 15:34:01.496 INFO [main] org.apache.catalina.startup.VersionLoggerListener.log CATALINA_BASE:     D:\김재은\9. 웹 서버 프로그램 구현\day02_2\src\main
10-Jun-2024 15:34:01.496 INFO [main] org.apache.catalina.startup.VersionLoggerListener.log CATALINA_HOME:     D:\김재은\apache-tomcat-10.1.24
10-Jun-2024 15:34:01.504 INFO [main] org.apache.catalina.startup.VersionLoggerListener.log 명령 행 아규먼트:  --add-opens=java.base/java.lang=ALL-UNNAMED
10-Jun-2024 15:34:01.504 INFO [main] org.apache.catalina.startup.VersionLoggerListener.log 명령 행 아규먼트:  --add-opens=java.base/java.io=ALL-UNNAMED
10-Jun-2024 15:34:01.504 INFO [main] org.apache.catalina.startup.VersionLoggerListener.log 명령 행 아규먼트:  --add-opens=java.base/java.util=ALL-UNNAMED
10-Jun-2024 15:34:01.504 INFO [main] org.apache.catalina.startup.VersionLoggerListener.log 명령 행 아규먼트:  --add-opens=java.base/java.util.concurrent=ALL-UNNAMED
10-Jun-2024 15:34:01.504 INFO [main] org.apache.catalina.startup.VersionLoggerListener.log 명령 행 아규먼트:  --add-opens=java.rmi/sun.rmi.transport=ALL-UNNAMED
10-Jun-2024 15:34:01.505 INFO [main] org.apache.catalina.startup.VersionLoggerListener.log 명령 행 아규먼트:  -Dcatalina.home=D:\김재은\apache-tomcat-10.1.24
10-Jun-2024 15:34:01.505 INFO [main] org.apache.catalina.startup.VersionLoggerListener.log 명령 행 아규먼트:  -Dcatalina.base=D:\김재은\9. 웹 서버 프로그램 구현\day02_2\src\main
10-Jun-2024 15:34:01.505 INFO [main] org.apache.catalina.startup.VersionLoggerListener.log 명령 행 아규먼트:  -Djava.io.tmpdir=D:\김재은\9. 웹 서버 프로그램 구현\day02_2\src\main\temp
10-Jun-2024 15:34:01.505 INFO [main] org.apache.catalina.startup.VersionLoggerListener.log 명령 행 아규먼트:  -Djava.util.logging.config.file=D:\김재은\9. 웹 서버 프로그램 구현\day02_2\src\main\conf\logging.properties
10-Jun-2024 15:34:01.505 INFO [main] org.apache.catalina.startup.VersionLoggerListener.log 명령 행 아규먼트:  -Djava.util.logging.manager=org.apache.juli.ClassLoaderLogManager
10-Jun-2024 15:34:01.505 INFO [main] org.apache.catalina.startup.VersionLoggerListener.log 명령 행 아규먼트:  -javaagent:C:\Program Files\JetBrains\IntelliJ IDEA Community Edition 2024.1\lib\idea_rt.jar=64560:C:\Program Files\JetBrains\IntelliJ IDEA Community Edition 2024.1\bin
10-Jun-2024 15:34:01.505 INFO [main] org.apache.catalina.startup.VersionLoggerListener.log 명령 행 아규먼트:  -Dfile.encoding=UTF-8
10-Jun-2024 15:34:01.510 INFO [main] org.apache.catalina.core.AprLifecycleListener.lifecycleEvent 프로덕션 환경들에서 최적의 성능을 제공하는, APR 기반 Apache Tomcat Native 라이브러리가, 다음 java.library.path에서 발견되지 않습니다: [C:\Program Files\Java\jdk-17\bin;C:\Windows\Sun\Java\bin;C:\Windows\system32;C:\Windows;C:\Program Files\Common Files\Oracle\Java\javapath;C:\Windows\system32;C:\Windows;C:\Windows\System32\Wbem;C:\Windows\System32\WindowsPowerShell\v1.0\;C:\Windows\System32\OpenSSH\;C:\Program Files\Git\cmd;C:\Program Files\nodejs\;C:\Program Files\Docker\Docker\resources\bin;D:\김재은\apache-maven-3.9.6\bin;D:\김재은\gradle-8.7\bin;C:\Users\admin\AppData\Local\Microsoft\WindowsApps;C:\Users\admin\AppData\Local\Programs\Microsoft VS Code\bin;C:\Users\admin\AppData\Roaming\npm;.]
10-Jun-2024 15:34:01.674 INFO [main] org.apache.coyote.AbstractProtocol.init 프로토콜 핸들러 ["http-nio-3000"]을(를) 초기화합니다.
10-Jun-2024 15:34:01.686 INFO [main] org.apache.catalina.startup.Catalina.load [366] 밀리초 내에 서버가 초기화되었습니다.
10-Jun-2024 15:34:01.730 INFO [main] org.apache.catalina.core.StandardService.startInternal 서비스 [Catalina]을(를) 시작합니다.
10-Jun-2024 15:34:01.730 INFO [main] org.apache.catalina.core.StandardEngine.startInternal 서버 엔진을 시작합니다: [Apache Tomcat/10.1.24]
10-Jun-2024 15:34:01.741 INFO [main] org.apache.catalina.startup.HostConfig.deployDescriptor 배치 descriptor [D:\김재은\9. 웹 서버 프로그램 구현\day02_2\src\main\conf\Catalina\localhost\day02.xml]을(를) 배치합니다.
10-Jun-2024 15:34:02.079 INFO [main] org.apache.catalina.startup.HostConfig.deployDescriptor 배치 descriptor [D:\김재은\9. 웹 서버 프로그램 구현\day02_2\src\main\conf\Catalina\localhost\day02.xml]의 배치가 [336] 밀리초 내에 완료되었습니다.
10-Jun-2024 15:34:02.084 INFO [main] org.apache.coyote.AbstractProtocol.start 프로토콜 핸들러 ["http-nio-3000"]을(를) 시작합니다.
10-Jun-2024 15:34:02.135 INFO [main] org.apache.catalina.startup.Catalina.start 서버가 [448] 밀리초 내에 시작되었습니다.
10-Jun-2024 15:34:22.768 INFO [Thread-1] org.apache.coyote.AbstractProtocol.pause 프로토콜 핸들러 ["http-nio-3000"]을(를) 일시 정지 중
10-Jun-2024 15:34:22.773 INFO [Thread-1] org.apache.catalina.core.StandardService.stopInternal 서비스 [Catalina]을(를) 중지시킵니다.
10-Jun-2024 15:34:22.781 INFO [Thread-1] org.apache.coyote.AbstractProtocol.stop 프로토콜 핸들러 ["http-nio-3000"]을(를) 중지시킵니다.
10-Jun-2024 15:34:22.786 INFO [Thread-1] org.apache.coyote.AbstractProtocol.destroy 프로토콜 핸들러 ["http-nio-3000"]을(를) 소멸시킵니다.
10-Jun-2024 16:53:47.702 INFO [main] org.apache.catalina.startup.VersionLoggerListener.log 서버 버전 이름:    Apache Tomcat/10.1.24
10-Jun-2024 16:53:47.706 INFO [main] org.apache.catalina.startup.VersionLoggerListener.log Server 빌드 시각:  May 9 2024 17:41:23 UTC
10-Jun-2024 16:53:47.706 INFO [main] org.apache.catalina.startup.VersionLoggerListener.log Server 버전 번호:  10.1.24.0
10-Jun-2024 16:53:47.706 INFO [main] org.apache.catalina.startup.VersionLoggerListener.log 운영체제 이름:     Windows 10
10-Jun-2024 16:53:47.706 INFO [main] org.apache.catalina.startup.VersionLoggerListener.log 운영체제 버전:     10.0
10-Jun-2024 16:53:47.707 INFO [main] org.apache.catalina.startup.VersionLoggerListener.log 아키텍처:          amd64
10-Jun-2024 16:53:47.707 INFO [main] org.apache.catalina.startup.VersionLoggerListener.log 자바 홈:           C:\Program Files\Java\jdk-17
10-Jun-2024 16:53:47.707 INFO [main] org.apache.catalina.startup.VersionLoggerListener.log JVM 버전:          17.0.10+11-LTS-240
10-Jun-2024 16:53:47.707 INFO [main] org.apache.catalina.startup.VersionLoggerListener.log JVM 벤더:          Oracle Corporation
10-Jun-2024 16:53:47.707 INFO [main] org.apache.catalina.startup.VersionLoggerListener.log CATALINA_BASE:     D:\김재은\9. 웹 서버 프로그램 구현\day02_2\src\main
10-Jun-2024 16:53:47.707 INFO [main] org.apache.catalina.startup.VersionLoggerListener.log CATALINA_HOME:     D:\김재은\apache-tomcat-10.1.24
10-Jun-2024 16:53:47.715 INFO [main] org.apache.catalina.startup.VersionLoggerListener.log 명령 행 아규먼트:  --add-opens=java.base/java.lang=ALL-UNNAMED
10-Jun-2024 16:53:47.715 INFO [main] org.apache.catalina.startup.VersionLoggerListener.log 명령 행 아규먼트:  --add-opens=java.base/java.io=ALL-UNNAMED
10-Jun-2024 16:53:47.715 INFO [main] org.apache.catalina.startup.VersionLoggerListener.log 명령 행 아규먼트:  --add-opens=java.base/java.util=ALL-UNNAMED
10-Jun-2024 16:53:47.715 INFO [main] org.apache.catalina.startup.VersionLoggerListener.log 명령 행 아규먼트:  --add-opens=java.base/java.util.concurrent=ALL-UNNAMED
10-Jun-2024 16:53:47.715 INFO [main] org.apache.catalina.startup.VersionLoggerListener.log 명령 행 아규먼트:  --add-opens=java.rmi/sun.rmi.transport=ALL-UNNAMED
10-Jun-2024 16:53:47.715 INFO [main] org.apache.catalina.startup.VersionLoggerListener.log 명령 행 아규먼트:  -Dcatalina.home=D:\김재은\apache-tomcat-10.1.24
10-Jun-2024 16:53:47.715 INFO [main] org.apache.catalina.startup.VersionLoggerListener.log 명령 행 아규먼트:  -Dcatalina.base=D:\김재은\9. 웹 서버 프로그램 구현\day02_2\src\main
10-Jun-2024 16:53:47.715 INFO [main] org.apache.catalina.startup.VersionLoggerListener.log 명령 행 아규먼트:  -Djava.io.tmpdir=D:\김재은\9. 웹 서버 프로그램 구현\day02_2\src\main\temp
10-Jun-2024 16:53:47.716 INFO [main] org.apache.catalina.startup.VersionLoggerListener.log 명령 행 아규먼트:  -Djava.util.logging.config.file=D:\김재은\9. 웹 서버 프로그램 구현\day02_2\src\main\conf\logging.properties
10-Jun-2024 16:53:47.716 INFO [main] org.apache.catalina.startup.VersionLoggerListener.log 명령 행 아규먼트:  -Djava.util.logging.manager=org.apache.juli.ClassLoaderLogManager
10-Jun-2024 16:53:47.716 INFO [main] org.apache.catalina.startup.VersionLoggerListener.log 명령 행 아규먼트:  -javaagent:C:\Program Files\JetBrains\IntelliJ IDEA Community Edition 2024.1\lib\idea_rt.jar=50639:C:\Program Files\JetBrains\IntelliJ IDEA Community Edition 2024.1\bin
10-Jun-2024 16:53:47.716 INFO [main] org.apache.catalina.startup.VersionLoggerListener.log 명령 행 아규먼트:  -Dfile.encoding=UTF-8
10-Jun-2024 16:53:47.722 INFO [main] org.apache.catalina.core.AprLifecycleListener.lifecycleEvent 프로덕션 환경들에서 최적의 성능을 제공하는, APR 기반 Apache Tomcat Native 라이브러리가, 다음 java.library.path에서 발견되지 않습니다: [C:\Program Files\Java\jdk-17\bin;C:\Windows\Sun\Java\bin;C:\Windows\system32;C:\Windows;C:\Program Files\Common Files\Oracle\Java\javapath;C:\Windows\system32;C:\Windows;C:\Windows\System32\Wbem;C:\Windows\System32\WindowsPowerShell\v1.0\;C:\Windows\System32\OpenSSH\;C:\Program Files\Git\cmd;C:\Program Files\nodejs\;C:\Program Files\Docker\Docker\resources\bin;D:\김재은\apache-maven-3.9.6\bin;D:\김재은\gradle-8.7\bin;C:\Users\admin\AppData\Local\Microsoft\WindowsApps;C:\Users\admin\AppData\Local\Programs\Microsoft VS Code\bin;C:\Users\admin\AppData\Roaming\npm;.]
10-Jun-2024 16:53:47.900 INFO [main] org.apache.coyote.AbstractProtocol.init 프로토콜 핸들러 ["http-nio-3000"]을(를) 초기화합니다.
10-Jun-2024 16:53:47.912 INFO [main] org.apache.catalina.startup.Catalina.load [379] 밀리초 내에 서버가 초기화되었습니다.
10-Jun-2024 16:53:47.959 INFO [main] org.apache.catalina.core.StandardService.startInternal 서비스 [Catalina]을(를) 시작합니다.
10-Jun-2024 16:53:47.959 INFO [main] org.apache.catalina.core.StandardEngine.startInternal 서버 엔진을 시작합니다: [Apache Tomcat/10.1.24]
10-Jun-2024 16:53:47.973 INFO [main] org.apache.catalina.startup.HostConfig.deployDescriptor 배치 descriptor [D:\김재은\9. 웹 서버 프로그램 구현\day02_2\src\main\conf\Catalina\localhost\day02.xml]을(를) 배치합니다.
10-Jun-2024 16:53:48.255 INFO [main] org.apache.catalina.startup.HostConfig.deployDescriptor 배치 descriptor [D:\김재은\9. 웹 서버 프로그램 구현\day02_2\src\main\conf\Catalina\localhost\day02.xml]의 배치가 [281] 밀리초 내에 완료되었습니다.
10-Jun-2024 16:53:48.261 INFO [main] org.apache.coyote.AbstractProtocol.start 프로토콜 핸들러 ["http-nio-3000"]을(를) 시작합니다.
10-Jun-2024 16:53:48.307 INFO [main] org.apache.catalina.startup.Catalina.start 서버가 [394] 밀리초 내에 시작되었습니다.
10-Jun-2024 17:51:16.930 INFO [Thread-1] org.apache.coyote.AbstractProtocol.pause 프로토콜 핸들러 ["http-nio-3000"]을(를) 일시 정지 중
10-Jun-2024 17:51:16.935 INFO [Thread-1] org.apache.catalina.core.StandardService.stopInternal 서비스 [Catalina]을(를) 중지시킵니다.
10-Jun-2024 17:51:16.942 INFO [Thread-1] org.apache.coyote.AbstractProtocol.stop 프로토콜 핸들러 ["http-nio-3000"]을(를) 중지시킵니다.
10-Jun-2024 17:51:16.948 INFO [Thread-1] org.apache.coyote.AbstractProtocol.destroy 프로토콜 핸들러 ["http-nio-3000"]을(를) 소멸시킵니다.
